including device/generic/mini-emulator-arm64/vendorsetup.sh
including device/generic/mini-emulator-armv7-a-neon/vendorsetup.sh
including device/generic/mini-emulator-mips/vendorsetup.sh
including device/generic/mini-emulator-x86_64/vendorsetup.sh
including device/generic/mini-emulator-x86/vendorsetup.sh
including device/htc/flounder/vendorsetup.sh
including device/huawei/angler/vendorsetup.sh
including device/lge/d800/vendorsetup.sh
including device/lge/d801/vendorsetup.sh
including device/lge/d803/vendorsetup.sh
including device/lge/hammerhead/vendorsetup.sh
including device/lge/ls980/vendorsetup.sh
including device/lge/mako/vendorsetup.sh
including device/lge/vs980/vendorsetup.sh
including device/moto/shamu/vendorsetup.sh
including device/oneplus/bacon/vendorsetup.sh
including device/oneplus/oneplus2/vendorsetup.sh
including device/oneplus/onyx/vendorsetup.sh
including device/samsung/serranoltexx/vendorsetup.sh
including device/xiaomi/armani/vendorsetup.sh
including device/xiaomi/cancro/vendorsetup.sh
including vendor/exodus/vendorsetup.sh
including sdk/bash_completion/adb.bash
including vendor/exodus/bash_completion/git.bash
including vendor/exodus/bash_completion/repo.bash
checking for changelog
Set cache size limit to 20.0 Gbytes
     ______               __           
    / ____/  ______  ____/ /_  _______ 
   / __/ | |/_/ __ \/ __  / / / / ___/ 
  / /____>  </ /_/ / /_/ / /_/ (__  )  
 /_____/_/|_|\____/\__,_/\__,_/____/   
 
  ExodusAndroid - 6.0.1                
    by PrimeDirective && Team Exodus   

You're building on Linux

including vendor/exodus/vendorsetup.sh
Checking dependencies in device/samsung/klte.
Checking dependencies in device/samsung/klte-common.
Checking dependencies in device/samsung/msm8974-common.
Checking dependencies in device/qcom/common.
Checking dependencies in device/samsung/qcom-common.
Checking dependencies in hardware/samsung.
Checking dependencies in kernel/samsung/klte.
Checking dependencies in external/stlport.
Checking dependencies in vendor/samsung/klte.

============================================
PLATFORM_VERSION_CODENAME=REL
PLATFORM_VERSION=6.0.1
EXODUS_VERSION=6.0-20160420-NIGHTLY-klte
TARGET_PRODUCT=exodus_klte
TARGET_BUILD_VARIANT=user
TARGET_BUILD_TYPE=release
TARGET_BUILD_APPS=
TARGET_ARCH=arm
TARGET_ARCH_VARIANT=armv7-a-neon
TARGET_CPU_VARIANT=krait
TARGET_2ND_ARCH=
TARGET_2ND_ARCH_VARIANT=
TARGET_2ND_CPU_VARIANT=
HOST_ARCH=x86_64
HOST_OS=linux
HOST_OS_EXTRA=Linux-3.19.0-49-generic-x86_64-with-Ubuntu-14.04-trusty
HOST_BUILD_TYPE=release
BUILD_ID=MOB30D
OUT_DIR=/android/exodus-6.0/out
SIGNING_KEY=releasekey
============================================

     ______               __           
    / ____/  ______  ____/ /_  _______ 
   / __/ | |/_/ __ \/ __  / / / / ___/ 
  / /____>  </ /_/ / /_/ / /_/ (__  )  
 /_____/_/|_|\____/\__,_/\__,_/____/   
 
  ExodusAndroid - 6.0.1                
    by PrimeDirective && Team Exodus   

You're building on Linux

============================================
PLATFORM_VERSION_CODENAME=REL
PLATFORM_VERSION=6.0.1
EXODUS_VERSION=6.0-20160420-NIGHTLY-klte
TARGET_PRODUCT=exodus_klte
TARGET_BUILD_VARIANT=user
TARGET_BUILD_TYPE=release
TARGET_BUILD_APPS=
TARGET_ARCH=arm
TARGET_ARCH_VARIANT=armv7-a-neon
TARGET_CPU_VARIANT=krait
TARGET_2ND_ARCH=
TARGET_2ND_ARCH_VARIANT=
TARGET_2ND_CPU_VARIANT=
HOST_ARCH=x86_64
HOST_OS=linux
HOST_OS_EXTRA=Linux-3.19.0-49-generic-x86_64-with-Ubuntu-14.04-trusty
HOST_BUILD_TYPE=release
BUILD_ID=MOB30D
OUT_DIR=/android/exodus-6.0/out
SIGNING_KEY=releasekey
============================================
find: `dummy': No such file or directory
find: `dummy': No such file or directory
find: `dummy': No such file or directory
find: `dummy': No such file or directory
find: `dummy': No such file or directory
find: `dummy': No such file or directory
find: `dummy': No such file or directory
make: Entering directory `/android/exodus-6.0'
build/core/copy_headers.mk:15: warning: overriding commands for target `/android/exodus-6.0/out/target/product/klte/obj/include/qcom/display/copybit.h'
build/core/copy_headers.mk:15: warning: ignoring old commands for target `/android/exodus-6.0/out/target/product/klte/obj/include/qcom/display/copybit.h'
build/core/copy_headers.mk:15: warning: overriding commands for target `/android/exodus-6.0/out/target/product/klte/obj/include/qcom/display/copybit_priv.h'
build/core/copy_headers.mk:15: warning: ignoring old commands for target `/android/exodus-6.0/out/target/product/klte/obj/include/qcom/display/copybit_priv.h'
find: `src': No such file or directory
find: `../callinfo_provider/src': No such file or directory
build/core/base_rules.mk:157: *** system/core/healthd: MODULE.TARGET.STATIC_LIBRARIES.libhealthd.qcom already defined by device/samsung/qcom-common/libhealthd.  Stop.
make: Leaving directory `/android/exodus-6.0'

[0;31m#### make failed to build some targets (20 seconds) ####[0m


real	0m19.365s
user	0m13.380s
sys	0m2.996s
build/envsetup.sh: line 571: notify-send: command not found
Build failed
/android/exodus-6.0/out/target/product/klte removed
