including device/generic/mini-emulator-arm64/vendorsetup.sh
including device/generic/mini-emulator-armv7-a-neon/vendorsetup.sh
including device/generic/mini-emulator-mips/vendorsetup.sh
including device/generic/mini-emulator-x86_64/vendorsetup.sh
including device/generic/mini-emulator-x86/vendorsetup.sh
including device/htc/flounder/vendorsetup.sh
including device/huawei/angler/vendorsetup.sh
including device/lge/d800/vendorsetup.sh
including device/lge/d801/vendorsetup.sh
including device/lge/d803/vendorsetup.sh
including device/lge/hammerhead/vendorsetup.sh
including device/lge/ls980/vendorsetup.sh
including device/lge/mako/vendorsetup.sh
including device/lge/vs980/vendorsetup.sh
including device/moto/shamu/vendorsetup.sh
including device/oneplus/bacon/vendorsetup.sh
including device/oneplus/oneplus2/vendorsetup.sh
including device/oneplus/onyx/vendorsetup.sh
including device/xiaomi/armani/vendorsetup.sh
including vendor/exodus/vendorsetup.sh
including sdk/bash_completion/adb.bash
including vendor/exodus/bash_completion/git.bash
including vendor/exodus/bash_completion/repo.bash
checking for changelog
Set cache size limit to 20.0 Gbytes
     ______               __           
    / ____/  ______  ____/ /_  _______ 
   / __/ | |/_/ __ \/ __  / / / / ___/ 
  / /____>  </ /_/ / /_/ / /_/ (__  )  
 /_____/_/|_|\____/\__,_/\__,_/____/   
 
  ExodusAndroid - 6.0.1                
    by PrimeDirective && Team Exodus   

You're building on Linux

including vendor/exodus/vendorsetup.sh
Checking dependencies in device/lge/mako.
Checking dependencies in kernel/google/msm.
Checking dependencies in external/stlport.
Checking dependencies in vendor/lge/mako.

============================================
PLATFORM_VERSION_CODENAME=REL
PLATFORM_VERSION=6.0.1
EXODUS_VERSION=6.0-20160415-NIGHTLY-mako
TARGET_PRODUCT=exodus_mako
TARGET_BUILD_VARIANT=user
TARGET_BUILD_TYPE=release
TARGET_BUILD_APPS=
TARGET_ARCH=arm
TARGET_ARCH_VARIANT=armv7-a-neon
TARGET_CPU_VARIANT=krait
TARGET_2ND_ARCH=
TARGET_2ND_ARCH_VARIANT=
TARGET_2ND_CPU_VARIANT=
HOST_ARCH=x86_64
HOST_OS=linux
HOST_OS_EXTRA=Linux-3.19.0-49-generic-x86_64-with-Ubuntu-14.04-trusty
HOST_BUILD_TYPE=release
BUILD_ID=MHC19Q
OUT_DIR=/android/exodus-6.0/out
SIGNING_KEY=releasekey
============================================

     ______               __           
    / ____/  ______  ____/ /_  _______ 
   / __/ | |/_/ __ \/ __  / / / / ___/ 
  / /____>  </ /_/ / /_/ / /_/ (__  )  
 /_____/_/|_|\____/\__,_/\__,_/____/   
 
  ExodusAndroid - 6.0.1                
    by PrimeDirective && Team Exodus   

You're building on Linux

============================================
PLATFORM_VERSION_CODENAME=REL
PLATFORM_VERSION=6.0.1
EXODUS_VERSION=6.0-20160415-NIGHTLY-mako
TARGET_PRODUCT=exodus_mako
TARGET_BUILD_VARIANT=user
TARGET_BUILD_TYPE=release
TARGET_BUILD_APPS=
TARGET_ARCH=arm
TARGET_ARCH_VARIANT=armv7-a-neon
TARGET_CPU_VARIANT=krait
TARGET_2ND_ARCH=
TARGET_2ND_ARCH_VARIANT=
TARGET_2ND_CPU_VARIANT=
HOST_ARCH=x86_64
HOST_OS=linux
HOST_OS_EXTRA=Linux-3.19.0-49-generic-x86_64-with-Ubuntu-14.04-trusty
HOST_BUILD_TYPE=release
BUILD_ID=MHC19Q
OUT_DIR=/android/exodus-6.0/out
SIGNING_KEY=releasekey
============================================
"ebtables is disabled on this build"
find: `dummy': No such file or directory
find: `dummy': No such file or directory
find: `dummy': No such file or directory
find: `dummy': No such file or directory
find: `dummy': No such file or directory
find: `dummy': No such file or directory
find: `dummy': No such file or directory
make: Entering directory `/android/exodus-6.0'
build/core/copy_headers.mk:15: warning: overriding commands for target `/android/exodus-6.0/out/target/product/mako/obj/include/qcom/display/copybit.h'
build/core/copy_headers.mk:15: warning: ignoring old commands for target `/android/exodus-6.0/out/target/product/mako/obj/include/qcom/display/copybit.h'
build/core/copy_headers.mk:15: warning: overriding commands for target `/android/exodus-6.0/out/target/product/mako/obj/include/qcom/display/copybit_priv.h'
build/core/copy_headers.mk:15: warning: ignoring old commands for target `/android/exodus-6.0/out/target/product/mako/obj/include/qcom/display/copybit_priv.h'
build/core/copy_headers.mk:15: warning: overriding commands for target `/android/exodus-6.0/out/target/product/mako/obj/include/qcom/display/c2d2.h'
build/core/copy_headers.mk:15: warning: ignoring old commands for target `/android/exodus-6.0/out/target/product/mako/obj/include/qcom/display/c2d2.h'
find: `src': No such file or directory
find: `../callinfo_provider/src': No such file or directory
build/core/base_rules.mk:559: warning: overriding commands for target `/android/exodus-6.0/out/target/product/mako/system/xbin/wget'
external/busybox/Android.mk:166: warning: ignoring old commands for target `/android/exodus-6.0/out/target/product/mako/system/xbin/wget'
*** Overlay change detected, clean shared intermediate files...
*** rm -rf /android/exodus-6.0/out/target/common/obj/APPS/Settings_intermediates /android/exodus-6.0/out/target/common/obj/APPS/framework-res_intermediates /android/exodus-6.0/out/target/common/obj/APPS/Bluetooth_intermediates /android/exodus-6.0/out/target/common/obj/APPS/Telecom_intermediates /android/exodus-6.0/out/target/common/obj/APPS/Snap_intermediates /android/exodus-6.0/out/target/common/obj/APPS/LatinIME_intermediates /android/exodus-6.0/out/target/common/obj/APPS/TeleService_intermediates /android/exodus-6.0/out/target/common/obj/APPS/SettingsProvider_intermediates /android/exodus-6.0/out/target/common/obj/APPS/SystemUI_intermediates /android/exodus-6.0/out/target/common/obj/APPS/Contacts_intermediates /android/exodus-6.0/out/target/common/obj/APPS/Dialer_intermediates
build/core/Makefile:46: warning: overriding commands for target `/android/exodus-6.0/out/target/product/mako/system/lib/hw/gps.msm8960.so'
build/core/base_rules.mk:559: warning: ignoring old commands for target `/android/exodus-6.0/out/target/product/mako/system/lib/hw/gps.msm8960.so'
build/core/Makefile:46: warning: overriding commands for target `/android/exodus-6.0/out/target/product/mako/system/lib/libgps.utils.so'
build/core/base_rules.mk:559: warning: ignoring old commands for target `/android/exodus-6.0/out/target/product/mako/system/lib/libgps.utils.so'
build/core/Makefile:46: warning: overriding commands for target `/android/exodus-6.0/out/target/product/mako/system/lib/libloc_core.so'
build/core/base_rules.mk:559: warning: ignoring old commands for target `/android/exodus-6.0/out/target/product/mako/system/lib/libloc_core.so'
build/core/Makefile:46: warning: overriding commands for target `/android/exodus-6.0/out/target/product/mako/system/lib/libloc_eng.so'
build/core/base_rules.mk:559: warning: ignoring old commands for target `/android/exodus-6.0/out/target/product/mako/system/lib/libloc_eng.so'
No private recovery resources for TARGET_DEVICE mako
Header: /android/exodus-6.0/out/target/product/mako/obj/include/mm-camera-interface/mm_camera_interface2.h
Header: /android/exodus-6.0/out/target/product/mako/obj/include/mm-camera-interface/mm_omx_jpeg_encoder.h
Header: /android/exodus-6.0/out/target/product/mako/obj/include/libexpat/expat.h
Header: /android/exodus-6.0/out/target/product/mako/obj/include/libexpat/expat_external.h
Header: /android/exodus-6.0/out/target/product/mako/obj/include/libdrm/xf86drm.h
Header: /android/exodus-6.0/out/target/product/mako/obj/include/libdrm/xf86drmMode.h
Header: /android/exodus-6.0/out/target/product/mako/obj/include/libdrm/drm.h
Header: /android/exodus-6.0/out/target/product/mako/obj/include/libdrm/drm_fourcc.h
Header: /android/exodus-6.0/out/target/product/mako/obj/include/libdrm/drm_mode.h
Header: /android/exodus-6.0/out/target/product/mako/obj/include/libdrm/drm_sarea.h
Header: /android/exodus-6.0/out/target/product/mako/obj/include/libdrm/i915_drm.h
Header: /android/exodus-6.0/out/target/product/mako/obj/include/libdrm/mach64_drm.h
Header: /android/exodus-6.0/out/target/product/mako/obj/include/libdrm/mga_drm.h
Header: /android/exodus-6.0/out/target/product/mako/obj/include/libdrm/nouveau_drm.h
Header: /android/exodus-6.0/out/target/product/mako/obj/include/libdrm/qxl_drm.h
Header: /android/exodus-6.0/out/target/product/mako/obj/include/libdrm/r128_drm.h
Header: /android/exodus-6.0/out/target/product/mako/obj/include/libdrm/radeon_drm.h
Header: /android/exodus-6.0/out/target/product/mako/obj/include/libdrm/savage_drm.h
Header: /android/exodus-6.0/out/target/product/mako/obj/include/libdrm/sis_drm.h
Header: /android/exodus-6.0/out/target/product/mako/obj/include/libdrm/tegra_drm.h
Header: /android/exodus-6.0/out/target/product/mako/obj/include/libdrm/via_drm.h
Header: /android/exodus-6.0/out/target/product/mako/obj/include/libdrm/vmwgfx_drm.h
Header: /android/exodus-6.0/out/target/product/mako/obj/include/libdrm/nouveau.h
Header: /android/exodus-6.0/out/target/product/mako/obj/include/libdrm/radeon_bo.h
Header: /android/exodus-6.0/out/target/product/mako/obj/include/libdrm/radeon_cs.h
Header: /android/exodus-6.0/out/target/product/mako/obj/include/libdrm/radeon_surface.h
Header: /android/exodus-6.0/out/target/product/mako/obj/include/libdrm/radeon_bo_gem.h
Header: /android/exodus-6.0/out/target/product/mako/obj/include/libdrm/radeon_cs_gem.h
Header: /android/exodus-6.0/out/target/product/mako/obj/include/libdrm/radeon_bo_int.h
Header: /android/exodus-6.0/out/target/product/mako/obj/include/libdrm/radeon_cs_int.h
Header: /android/exodus-6.0/out/target/product/mako/obj/include/libdrm/r600_pci_ids.h
Header: /android/exodus-6.0/out/target/product/mako/obj/include/libdrm/rockchip_drm.h
Header: /android/exodus-6.0/out/target/product/mako/obj/include/libdrm/rockchip_drmif.h
Header: /android/exodus-6.0/out/target/product/mako/obj/include/libdrm/tegra.h
Header: /android/exodus-6.0/out/target/product/mako/obj/include/libdrm/libkms.h
Header: /android/exodus-6.0/out/target/product/mako/obj/include/selinux/selinux.h
Header: /android/exodus-6.0/out/target/product/mako/obj/include/selinux/label.h
Header: /android/exodus-6.0/out/target/product/mako/obj/include/selinux/context.h
Header: /android/exodus-6.0/out/target/product/mako/obj/include/selinux/avc.h
Header: /android/exodus-6.0/out/target/product/mako/obj/include/selinux/android.h
Header: /android/exodus-6.0/out/target/product/mako/obj/include/parameter/ParameterMgrLoggerForward.h
Header: /android/exodus-6.0/out/target/product/mako/obj/include/parameter/ParameterMgrPlatformConnector.h
Header: /android/exodus-6.0/out/target/product/mako/obj/include/parameter/ParameterMgrFullConnector.h
Header: /android/exodus-6.0/out/target/product/mako/obj/include/parameter/SelectionCriterionTypeInterface.h
Header: /android/exodus-6.0/out/target/product/mako/obj/include/parameter/SelectionCriterionInterface.h
Header: /android/exodus-6.0/out/target/product/mako/obj/include/parameter/ParameterHandle.h
Header: /android/exodus-6.0/out/target/product/mako/obj/include/protobuf-c/include/google/protobuf-c//protobuf-c.h
Header: /android/exodus-6.0/out/target/product/mako/obj/include/protobuf-c/include/google/protobuf-c//protobuf-c-private.h
Header: /android/exodus-6.0/out/target/product/mako/obj/include/libsonivox/eas.h
Header: /android/exodus-6.0/out/target/product/mako/obj/include/libsonivox/eas_types.h
Header: /android/exodus-6.0/out/target/product/mako/obj/include/libsonivox/eas_reverb.h
Header: /android/exodus-6.0/out/target/product/mako/obj/include/libsonivox/jet.h
Header: /android/exodus-6.0/out/target/product/mako/obj/include/libsonivox/ARM_synth_constants_gnu.inc
Header: /android/exodus-6.0/out/target/product/mako/obj/include/libwpa_client/wpa_ctrl.h
Header: /android/exodus-6.0/out/target/product/mako/obj/include/libwpa_client/qca-vendor.h
Header: /android/exodus-6.0/out/target/product/mako/obj/include/media_resource_manager/MediaResourceArbitrator.h
Header: /android/exodus-6.0/out/target/product/mako/obj/include/media_resource_manager/OMX_adaptor.h
Header: /android/exodus-6.0/out/target/product/mako/obj/include/mm-audio/audio_defs.h
Header: /android/exodus-6.0/out/target/product/mako/obj/include/qcom/display/gralloc_priv.h
Header: /android/exodus-6.0/out/target/product/mako/obj/include/qcom/display/copybit.h
Header: /android/exodus-6.0/out/target/product/mako/obj/include/qcom/display/copybit_priv.h
Header: /android/exodus-6.0/out/target/product/mako/obj/include/qcom/display/c2d2.h
Header: /android/exodus-6.0/out/target/product/mako/obj/include/qcom/display/qdMetaData.h
Header: /android/exodus-6.0/out/target/product/mako/obj/include/qcom/display/IQService.h
Header: /android/exodus-6.0/out/target/product/mako/obj/include/qcom/display/IQClient.h
Header: /android/exodus-6.0/out/target/product/mako/obj/include/libloc_core//MsgTask.h
Header: /android/exodus-6.0/out/target/product/mako/obj/include/libloc_core//LocApiBase.h
Header: /android/exodus-6.0/out/target/product/mako/obj/include/libloc_core//LocAdapterBase.h
Header: /android/exodus-6.0/out/target/product/mako/obj/include/libloc_core//ContextBase.h
Header: /android/exodus-6.0/out/target/product/mako/obj/include/libloc_core//LocDualContext.h
Header: /android/exodus-6.0/out/target/product/mako/obj/include/libloc_core//IzatProxyBase.h
Header: /android/exodus-6.0/out/target/product/mako/obj/include/libloc_core//UlpProxyBase.h
Header: /android/exodus-6.0/out/target/product/mako/obj/include/libloc_core//gps_extended_c.h
Header: /android/exodus-6.0/out/target/product/mako/obj/include/libloc_core//gps_extended.h
Header: /android/exodus-6.0/out/target/product/mako/obj/include/libloc_core//loc_core_log.h
Header: /android/exodus-6.0/out/target/product/mako/obj/include/libloc_eng//LocEngAdapter.h
Header: /android/exodus-6.0/out/target/product/mako/obj/include/libloc_eng//loc.h
Header: /android/exodus-6.0/out/target/product/mako/obj/include/libloc_eng//loc_eng.h
Header: /android/exodus-6.0/out/target/product/mako/obj/include/libloc_eng//loc_eng_xtra.h
Header: /android/exodus-6.0/out/target/product/mako/obj/include/libloc_eng//loc_eng_ni.h
Header: /android/exodus-6.0/out/target/product/mako/obj/include/libloc_eng//loc_eng_agps.h
Header: /android/exodus-6.0/out/target/product/mako/obj/include/libloc_eng//loc_eng_msg.h
Header: /android/exodus-6.0/out/target/product/mako/obj/include/libloc_eng//loc_eng_log.h
Header: /android/exodus-6.0/out/target/product/mako/obj/include/gps.utils//loc_log.h
Header: /android/exodus-6.0/out/target/product/mako/obj/include/gps.utils//loc_cfg.h
Header: /android/exodus-6.0/out/target/product/mako/obj/include/gps.utils//log_util.h
Header: /android/exodus-6.0/out/target/product/mako/obj/include/gps.utils//linked_list.h
Header: /android/exodus-6.0/out/target/product/mako/obj/include/gps.utils//msg_q.h
Header: /android/exodus-6.0/out/target/product/mako/obj/include/gps.utils//loc_target.h
Header: /android/exodus-6.0/out/target/product/mako/obj/include/gps.utils//loc_timer.h
Header: /android/exodus-6.0/out/target/product/mako/obj/include/gps.utils//platform_lib_includes.h
Header: /android/exodus-6.0/out/target/product/mako/obj/include/gps.utils//platform_lib_time.h
Header: /android/exodus-6.0/out/target/product/mako/obj/include/gps.utils//platform_lib_macros.h
Header: /android/exodus-6.0/out/target/product/mako/obj/include/mm-core/omxcore/OMX_Audio.h
Header: /android/exodus-6.0/out/target/product/mako/obj/include/mm-core/omxcore/OMX_Component.h
Header: /android/exodus-6.0/out/target/product/mako/obj/include/mm-core/omxcore/OMX_ContentPipe.h
Header: /android/exodus-6.0/out/target/product/mako/obj/include/mm-core/omxcore/OMX_Core.h
Header: /android/exodus-6.0/out/target/product/mako/obj/include/mm-core/omxcore/OMX_Image.h
Header: /android/exodus-6.0/out/target/product/mako/obj/include/mm-core/omxcore/OMX_Index.h
Header: /android/exodus-6.0/out/target/product/mako/obj/include/mm-core/omxcore/OMX_IVCommon.h
Header: /android/exodus-6.0/out/target/product/mako/obj/include/mm-core/omxcore/OMX_Other.h
Header: /android/exodus-6.0/out/target/product/mako/obj/include/mm-core/omxcore/OMX_QCOMExtns.h
Header: /android/exodus-6.0/out/target/product/mako/obj/include/mm-core/omxcore/OMX_Types.h
Header: /android/exodus-6.0/out/target/product/mako/obj/include/mm-core/omxcore/OMX_Video.h
Header: /android/exodus-6.0/out/target/product/mako/obj/include/mm-core/omxcore/qc_omx_common.h
Header: /android/exodus-6.0/out/target/product/mako/obj/include/mm-core/omxcore/qc_omx_component.h
Header: /android/exodus-6.0/out/target/product/mako/obj/include/mm-core/omxcore/qc_omx_msg.h
Header: /android/exodus-6.0/out/target/product/mako/obj/include/mm-core/omxcore/QOMX_AudioExtensions.h
Header: /android/exodus-6.0/out/target/product/mako/obj/include/mm-core/omxcore/QOMX_AudioIndexExtensions.h
Header: /android/exodus-6.0/out/target/product/mako/obj/include/mm-core/omxcore/OMX_CoreExt.h
Header: /android/exodus-6.0/out/target/product/mako/obj/include/mm-core/omxcore/QOMX_CoreExtensions.h
Header: /android/exodus-6.0/out/target/product/mako/obj/include/mm-core/omxcore/QOMX_FileFormatExtensions.h
Header: /android/exodus-6.0/out/target/product/mako/obj/include/mm-core/omxcore/QOMX_IVCommonExtensions.h
Header: /android/exodus-6.0/out/target/product/mako/obj/include/mm-core/omxcore/QOMX_SourceExtensions.h
Header: /android/exodus-6.0/out/target/product/mako/obj/include/mm-core/omxcore/QOMX_VideoExtensions.h
Header: /android/exodus-6.0/out/target/product/mako/obj/include/mm-core/omxcore/OMX_IndexExt.h
Header: /android/exodus-6.0/out/target/product/mako/obj/include/mm-core/omxcore/OMX_VideoExt.h
Header: /android/exodus-6.0/out/target/product/mako/obj/include/mm-core/omxcore/QOMX_StreamingExtensions.h
Header: /android/exodus-6.0/out/target/product/mako/obj/include/mm-core/omxcore/QCMediaDefs.h
Header: /android/exodus-6.0/out/target/product/mako/obj/include/mm-core/omxcore/QCMetaData.h
Header: /android/exodus-6.0/out/target/product/mako/obj/include/libril/ril_ex.h
Header: /android/exodus-6.0/out/target/product/mako/obj/include/sdk/softap/include/qsap_api.h
Header: /android/exodus-6.0/out/target/product/mako/obj/include/sdk/softap/include/qsap.h
Header: /android/exodus-6.0/out/target/product/mako/obj/include/time-services/time_genoff.h
make: *** No rule to make target `kernel/google/msm/arch/arm/configs/cyanogen_mako_defconfig', needed by `/android/exodus-6.0/out/target/product/mako/obj/KERNEL_OBJ/.config'.  Stop.
make: *** Waiting for unfinished jobs....
make: Leaving directory `/android/exodus-6.0'

[0;31m#### make failed to build some targets (21 seconds) ####[0m


real	0m20.735s
user	0m15.628s
sys	0m2.588s
build/envsetup.sh: line 571: notify-send: command not found
Build failed
/android/exodus-6.0/out/target/product/mako removed
