including device/generic/mini-emulator-arm64/vendorsetup.sh
including device/generic/mini-emulator-armv7-a-neon/vendorsetup.sh
including device/generic/mini-emulator-mips/vendorsetup.sh
including device/generic/mini-emulator-x86_64/vendorsetup.sh
including device/generic/mini-emulator-x86/vendorsetup.sh
including device/htc/flounder/vendorsetup.sh
including device/huawei/angler/vendorsetup.sh
including device/lge/d800/vendorsetup.sh
including device/lge/d801/vendorsetup.sh
including device/lge/d803/vendorsetup.sh
including device/lge/hammerhead/vendorsetup.sh
including device/lge/ls980/vendorsetup.sh
including device/lge/vs980/vendorsetup.sh
including device/moto/shamu/vendorsetup.sh
including device/oneplus/bacon/vendorsetup.sh
including device/oneplus/oneplus2/vendorsetup.sh
including device/oneplus/onyx/vendorsetup.sh
including vendor/exodus/vendorsetup.sh
including sdk/bash_completion/adb.bash
including vendor/exodus/bash_completion/git.bash
including vendor/exodus/bash_completion/repo.bash
checking for changelog
Set cache size limit to 20.0 Gbytes
     ______               __           
    / ____/  ______  ____/ /_  _______ 
   / __/ | |/_/ __ \/ __  / / / / ___/ 
  / /____>  </ /_/ / /_/ / /_/ (__  )  
 /_____/_/|_|\____/\__,_/\__,_/____/   
 
  ExodusAndroid - 6.0.1                
    by PrimeDirective && Team Exodus   

You're building on Linux

including vendor/exodus/vendorsetup.sh
build/core/product_config.mk:234: *** Can not locate config makefile for product "exodus_find7".  Stop.
From ssh://github.com/TeamExodus/device_oppo_find7
 * [new branch]      EXODUS-6.0 -> roomservice/EXODUS-6.0

Fetching project TeamExodus/device_oppo_find7
Fetching project repo
Your device can't be found in device sources..
found the find7 device repo
device_url: device_oppo_find7
device_dir: device/oppo/find7
github_url: TeamExodus/device_oppo_find7
wrote the new roomservice manifest
syncing the device config
Checking dependencies in device/oppo/find7.
Traceback (most recent call last):
  File "build/tools/roomservice.py", line 320, in <module>
    fetch_dependencies(device)
  File "build/tools/roomservice.py", line 266, in fetch_dependencies
    dependencies = parse_dependency_file(location)
  File "build/tools/roomservice.py", line 226, in parse_dependency_file
    raise Exception("ERROR: malformed dependency file")
Exception: ERROR: malformed dependency file
build/core/product_config.mk:239: *** _nic.PRODUCTS.[[device/oppo/find7/exodus.mk]]: "device/oppo/find7-common/find7.mk" does not exist.  Stop.

** Don't have a product spec for: 'exodus_find7'
** Do you have the right repo manifest?

No such item in brunch menu. Try 'breakfast'
Build failed
 removed
