including device/generic/mini-emulator-arm64/vendorsetup.sh
including device/generic/mini-emulator-armv7-a-neon/vendorsetup.sh
including device/generic/mini-emulator-mips/vendorsetup.sh
including device/generic/mini-emulator-x86_64/vendorsetup.sh
including device/generic/mini-emulator-x86/vendorsetup.sh
including device/htc/flounder/vendorsetup.sh
including device/huawei/angler/vendorsetup.sh
including device/lge/d800/vendorsetup.sh
including device/lge/d801/vendorsetup.sh
including device/lge/d803/vendorsetup.sh
including device/lge/hammerhead/vendorsetup.sh
including device/lge/ls980/vendorsetup.sh
including device/lge/mako/vendorsetup.sh
including device/lge/vs980/vendorsetup.sh
including device/moto/shamu/vendorsetup.sh
including device/oneplus/bacon/vendorsetup.sh
including device/oneplus/oneplus2/vendorsetup.sh
including device/oneplus/onyx/vendorsetup.sh
including vendor/exodus/vendorsetup.sh
including sdk/bash_completion/adb.bash
including vendor/exodus/bash_completion/git.bash
including vendor/exodus/bash_completion/repo.bash
checking for changelog
creating changelog...
creating log for 04-09-2016
creating log for 04-08-2016
creating log for 04-07-2016
creating log for 04-06-2016
creating log for 04-05-2016
Set cache size limit to 20.0 Gbytes
     ______               __           
    / ____/  ______  ____/ /_  _______ 
   / __/ | |/_/ __ \/ __  / / / / ___/ 
  / /____>  </ /_/ / /_/ / /_/ (__  )  
 /_____/_/|_|\____/\__,_/\__,_/____/   
 
  ExodusAndroid - 6.0.1                
    by PrimeDirective && Team Exodus   

You're building on Linux

including vendor/exodus/vendorsetup.sh
build/core/product_config.mk:234: *** Can not locate config makefile for product "exodus_Armani".  Stop.
Your device can't be found in device sources..
Traceback (most recent call last):
  File "build/tools/roomservice.py", line 319, in <module>
    fetch_device(device)
  File "build/tools/roomservice.py", line 284, in fetch_device
    git_data = search_gerrit_for_device(device)
  File "build/tools/roomservice.py", line 79, in search_gerrit_for_device
    device_data = check_repo_exists(git_data, device)
  File "build/tools/roomservice.py", line 59, in check_repo_exists
    "exiting roomservice".format(device=device))
Exception: Armani not found,exiting roomservice
build/core/product_config.mk:234: *** Can not locate config makefile for product "exodus_Armani".  Stop.

** Don't have a product spec for: 'exodus_Armani'
** Do you have the right repo manifest?

No such item in brunch menu. Try 'breakfast'
Build failed
 removed
