including device/generic/mini-emulator-arm64/vendorsetup.sh
including device/generic/mini-emulator-armv7-a-neon/vendorsetup.sh
including device/generic/mini-emulator-mips/vendorsetup.sh
including device/generic/mini-emulator-x86_64/vendorsetup.sh
including device/generic/mini-emulator-x86/vendorsetup.sh
including device/htc/flounder/vendorsetup.sh
including device/huawei/angler/vendorsetup.sh
including device/lge/d800/vendorsetup.sh
including device/lge/d801/vendorsetup.sh
including device/lge/d803/vendorsetup.sh
including device/lge/hammerhead/vendorsetup.sh
including device/lge/ls980/vendorsetup.sh
including device/lge/mako/vendorsetup.sh
including device/lge/vs980/vendorsetup.sh
including device/moto/shamu/vendorsetup.sh
including device/oneplus/bacon/vendorsetup.sh
including device/oneplus/oneplus2/vendorsetup.sh
including device/oneplus/onyx/vendorsetup.sh
including device/xiaomi/armani/vendorsetup.sh
including vendor/exodus/vendorsetup.sh
including sdk/bash_completion/adb.bash
including vendor/exodus/bash_completion/git.bash
including vendor/exodus/bash_completion/repo.bash
checking for changelog
Set cache size limit to 20.0 Gbytes
     ______               __           
    / ____/  ______  ____/ /_  _______ 
   / __/ | |/_/ __ \/ __  / / / / ___/ 
  / /____>  </ /_/ / /_/ / /_/ (__  )  
 /_____/_/|_|\____/\__,_/\__,_/____/   
 
  ExodusAndroid - 6.0.1                
    by PrimeDirective && Team Exodus   

You're building on Linux

including vendor/exodus/vendorsetup.sh
build/core/product_config.mk:239: *** _nic.PRODUCTS.[[device/moto/shamu/exodus.mk]]: "frameworks/native/build/phone-xxhdpi-3072-dalvik-heap.mk" does not exist.  Stop.
WARNING: Trying to fetch a device that's already there
Checking dependencies in device/moto/shamu.
Checking dependencies in kernel/moto/shamu.
Checking dependencies in vendor/motorola/shamu.
build/core/product_config.mk:239: *** _nic.PRODUCTS.[[device/moto/shamu/exodus.mk]]: "frameworks/native/build/phone-xxhdpi-3072-dalvik-heap.mk" does not exist.  Stop.

** Don't have a product spec for: 'exodus_shamu'
** Do you have the right repo manifest?

No such item in brunch menu. Try 'breakfast'
Build failed
 removed
