including device/generic/mini-emulator-arm64/vendorsetup.sh
including device/generic/mini-emulator-armv7-a-neon/vendorsetup.sh
including device/generic/mini-emulator-mips/vendorsetup.sh
including device/generic/mini-emulator-x86_64/vendorsetup.sh
including device/generic/mini-emulator-x86/vendorsetup.sh
including device/google/sprout4/vendorsetup.sh
including device/htc/flounder/vendorsetup.sh
including device/huawei/angler/vendorsetup.sh
including device/lge/d800/vendorsetup.sh
including device/lge/d801/vendorsetup.sh
including device/lge/d803/vendorsetup.sh
including device/lge/hammerhead/vendorsetup.sh
including device/lge/ls980/vendorsetup.sh
including device/lge/mako/vendorsetup.sh
including device/lge/vs980/vendorsetup.sh
including device/moto/shamu/vendorsetup.sh
including device/oneplus/bacon/vendorsetup.sh
including device/oneplus/oneplus2/vendorsetup.sh
including device/oneplus/onyx/vendorsetup.sh
including device/samsung/serrano3gxx/vendorsetup.sh
including device/samsung/serranodsdd/vendorsetup.sh
including device/samsung/serranoltexx/vendorsetup.sh
including device/xiaomi/armani/vendorsetup.sh
including device/xiaomi/cancro/vendorsetup.sh
including vendor/exodus/proprietary/common/vendorsetup.sh
including vendor/exodus/vendorsetup.sh
including sdk/bash_completion/adb.bash
including vendor/exodus/bash_completion/git.bash
including vendor/exodus/bash_completion/repo.bash
checking for changelog
Set cache size limit to 20.0 Gbytes
     ______               __           
    / ____/  ______  ____/ /_  _______ 
   / __/ | |/_/ __ \/ __  / / / / ___/ 
  / /____>  </ /_/ / /_/ / /_/ (__  )  
 /_____/_/|_|\____/\__,_/\__,_/____/   
 
  ExodusAndroid - 6.0.1                
    by PrimeDirective && Team Exodus   

You're building on Linux

including vendor/exodus/vendorsetup.sh
Checking dependencies in device/htc/flounder.
Checking dependencies in kernel/htc/flounder.

============================================
PLATFORM_VERSION_CODENAME=REL
PLATFORM_VERSION=6.0.1
EXODUS_VERSION=6.0-20160608-NIGHTLY-flounder
TARGET_PRODUCT=exodus_flounder
TARGET_BUILD_VARIANT=user
TARGET_BUILD_TYPE=release
TARGET_BUILD_APPS=
TARGET_ARCH=arm64
TARGET_ARCH_VARIANT=armv8-a
TARGET_CPU_VARIANT=denver64
TARGET_2ND_ARCH=arm
TARGET_2ND_ARCH_VARIANT=armv7-a-neon
TARGET_2ND_CPU_VARIANT=denver
HOST_ARCH=x86_64
HOST_OS=linux
HOST_OS_EXTRA=Linux-3.19.0-59-generic-x86_64-with-Ubuntu-14.04-trusty
HOST_BUILD_TYPE=release
BUILD_ID=MOB30J
OUT_DIR=/android/exodus-6.0/out
SIGNING_KEY=releasekey
============================================

     ______               __           
    / ____/  ______  ____/ /_  _______ 
   / __/ | |/_/ __ \/ __  / / / / ___/ 
  / /____>  </ /_/ / /_/ / /_/ (__  )  
 /_____/_/|_|\____/\__,_/\__,_/____/   
 
  ExodusAndroid - 6.0.1                
    by PrimeDirective && Team Exodus   

You're building on Linux

============================================
PLATFORM_VERSION_CODENAME=REL
PLATFORM_VERSION=6.0.1
EXODUS_VERSION=6.0-20160608-NIGHTLY-flounder
TARGET_PRODUCT=exodus_flounder
TARGET_BUILD_VARIANT=user
TARGET_BUILD_TYPE=release
TARGET_BUILD_APPS=
TARGET_ARCH=arm64
TARGET_ARCH_VARIANT=armv8-a
TARGET_CPU_VARIANT=denver64
TARGET_2ND_ARCH=arm
TARGET_2ND_ARCH_VARIANT=armv7-a-neon
TARGET_2ND_CPU_VARIANT=denver
HOST_ARCH=x86_64
HOST_OS=linux
HOST_OS_EXTRA=Linux-3.19.0-59-generic-x86_64-with-Ubuntu-14.04-trusty
HOST_BUILD_TYPE=release
BUILD_ID=MOB30J
OUT_DIR=/android/exodus-6.0/out
SIGNING_KEY=releasekey
============================================
"ebtables is disabled on this build"
find: `src': No such file or directory
find: `../callinfo_provider/src': No such file or directory
make: Entering directory `/android/exodus-6.0'
build/core/base_rules.mk:559: warning: overriding commands for target `/android/exodus-6.0/out/target/product/flounder/system/xbin/wget'
external/busybox/Android.mk:166: warning: ignoring old commands for target `/android/exodus-6.0/out/target/product/flounder/system/xbin/wget'
*** Overlay change detected, clean shared intermediate files...
*** rm -rf /android/exodus-6.0/out/target/common/obj/APPS/Settings_intermediates /android/exodus-6.0/out/target/common/obj/APPS/framework-res_intermediates /android/exodus-6.0/out/target/common/obj/APPS/Bluetooth_intermediates /android/exodus-6.0/out/target/common/obj/APPS/LatinIME_intermediates /android/exodus-6.0/out/target/common/obj/APPS/TeleService_intermediates /android/exodus-6.0/out/target/common/obj/APPS/SettingsProvider_intermediates /android/exodus-6.0/out/target/common/obj/APPS/SystemUI_intermediates /android/exodus-6.0/out/target/common/obj/APPS/Snap_intermediates
build/core/Makefile:46: warning: overriding commands for target `/android/exodus-6.0/out/target/product/flounder/system/lib64/libjni_latinime.so'
build/core/base_rules.mk:559: warning: ignoring old commands for target `/android/exodus-6.0/out/target/product/flounder/system/lib64/libjni_latinime.so'
No private recovery resources for TARGET_DEVICE flounder
Header: /android/exodus-6.0/out/target/product/flounder/obj/include/libexpat/expat.h
Header: /android/exodus-6.0/out/target/product/flounder/obj/include/libexpat/expat_external.h
Header: /android/exodus-6.0/out/target/product/flounder/obj/include/libdrm/xf86drm.h
Header: /android/exodus-6.0/out/target/product/flounder/obj/include/libdrm/xf86drmMode.h
Header: /android/exodus-6.0/out/target/product/flounder/obj/include/libdrm/drm.h
Header: /android/exodus-6.0/out/target/product/flounder/obj/include/libdrm/drm_fourcc.h
Header: /android/exodus-6.0/out/target/product/flounder/obj/include/libdrm/drm_mode.h
Header: /android/exodus-6.0/out/target/product/flounder/obj/include/libdrm/drm_sarea.h
Header: /android/exodus-6.0/out/target/product/flounder/obj/include/libdrm/i915_drm.h
Header: /android/exodus-6.0/out/target/product/flounder/obj/include/libdrm/mach64_drm.h
Header: /android/exodus-6.0/out/target/product/flounder/obj/include/libdrm/mga_drm.h
Header: /android/exodus-6.0/out/target/product/flounder/obj/include/libdrm/nouveau_drm.h
Header: /android/exodus-6.0/out/target/product/flounder/obj/include/libdrm/qxl_drm.h
Header: /android/exodus-6.0/out/target/product/flounder/obj/include/libdrm/r128_drm.h
Header: /android/exodus-6.0/out/target/product/flounder/obj/include/libdrm/radeon_drm.h
Header: /android/exodus-6.0/out/target/product/flounder/obj/include/libdrm/savage_drm.h
Header: /android/exodus-6.0/out/target/product/flounder/obj/include/libdrm/sis_drm.h
Header: /android/exodus-6.0/out/target/product/flounder/obj/include/libdrm/tegra_drm.h
Header: /android/exodus-6.0/out/target/product/flounder/obj/include/libdrm/via_drm.h
Header: /android/exodus-6.0/out/target/product/flounder/obj/include/libdrm/vmwgfx_drm.h
Header: /android/exodus-6.0/out/target/product/flounder/obj/include/libdrm/nouveau.h
Header: /android/exodus-6.0/out/target/product/flounder/obj/include/libdrm/radeon_bo.h
Header: /android/exodus-6.0/out/target/product/flounder/obj/include/libdrm/radeon_cs.h
Header: /android/exodus-6.0/out/target/product/flounder/obj/include/libdrm/radeon_surface.h
Header: /android/exodus-6.0/out/target/product/flounder/obj/include/libdrm/radeon_bo_gem.h
Header: /android/exodus-6.0/out/target/product/flounder/obj/include/libdrm/radeon_cs_gem.h
Header: /android/exodus-6.0/out/target/product/flounder/obj/include/libdrm/radeon_bo_int.h
Header: /android/exodus-6.0/out/target/product/flounder/obj/include/libdrm/radeon_cs_int.h
Header: /android/exodus-6.0/out/target/product/flounder/obj/include/libdrm/r600_pci_ids.h
Header: /android/exodus-6.0/out/target/product/flounder/obj/include/libdrm/rockchip_drm.h
Header: /android/exodus-6.0/out/target/product/flounder/obj/include/libdrm/rockchip_drmif.h
Header: /android/exodus-6.0/out/target/product/flounder/obj/include/libdrm/tegra.h
Header: /android/exodus-6.0/out/target/product/flounder/obj/include/libdrm/libkms.h
Header: /android/exodus-6.0/out/target/product/flounder/obj/include/selinux/selinux.h
Header: /android/exodus-6.0/out/target/product/flounder/obj/include/selinux/label.h
Header: /android/exodus-6.0/out/target/product/flounder/obj/include/selinux/context.h
Header: /android/exodus-6.0/out/target/product/flounder/obj/include/selinux/avc.h
Header: /android/exodus-6.0/out/target/product/flounder/obj/include/selinux/android.h
Header: /android/exodus-6.0/out/target/product/flounder/obj/include/parameter/ParameterMgrLoggerForward.h
Header: /android/exodus-6.0/out/target/product/flounder/obj/include/parameter/ParameterMgrPlatformConnector.h
Header: /android/exodus-6.0/out/target/product/flounder/obj/include/parameter/ParameterMgrFullConnector.h
Header: /android/exodus-6.0/out/target/product/flounder/obj/include/parameter/SelectionCriterionTypeInterface.h
Header: /android/exodus-6.0/out/target/product/flounder/obj/include/parameter/SelectionCriterionInterface.h
Header: /android/exodus-6.0/out/target/product/flounder/obj/include/parameter/ParameterHandle.h
Header: /android/exodus-6.0/out/target/product/flounder/obj/include/protobuf-c/include/google/protobuf-c//protobuf-c.h
Header: /android/exodus-6.0/out/target/product/flounder/obj/include/protobuf-c/include/google/protobuf-c//protobuf-c-private.h
Header: /android/exodus-6.0/out/target/product/flounder/obj/include/libsonivox/eas.h
Header: /android/exodus-6.0/out/target/product/flounder/obj/include/libsonivox/eas_types.h
Header: /android/exodus-6.0/out/target/product/flounder/obj/include/libsonivox/eas_reverb.h
Header: /android/exodus-6.0/out/target/product/flounder/obj/include/libsonivox/jet.h
Header: /android/exodus-6.0/out/target/product/flounder/obj/include/libwpa_client/wpa_ctrl.h
Header: /android/exodus-6.0/out/target/product/flounder/obj/include/libwpa_client/qca-vendor.h
Header: /android/exodus-6.0/out/target/product/flounder/obj/include/media_resource_manager/MediaResourceArbitrator.h
Header: /android/exodus-6.0/out/target/product/flounder/obj/include/media_resource_manager/OMX_adaptor.h
Header: /android/exodus-6.0/out/target/product/flounder/obj/include/libril/ril_ex.h
Header: /android/exodus-6.0/out/target/product/flounder/obj/include/sdk/softap/include/qsap_api.h
Header: /android/exodus-6.0/out/target/product/flounder/obj/include/sdk/softap/include/qsap.h
Header: /android/exodus-6.0/out/target/product/flounder/obj/include/time-services/time_genoff.h
cp: cannot create regular file ‘/android/exodus-6.0/out/target/product/flounder/obj/KERNEL_OBJ/.additional_config’: No such file or directory
make: *** [/android/exodus-6.0/out/target/product/flounder/obj/KERNEL_OBJ/.additional_config] Error 1
make: *** Waiting for unfinished jobs....
make: Leaving directory `/android/exodus-6.0'

[0;31m#### make failed to build some targets (30 seconds) ####[0m


real	0m29.598s
user	0m21.252s
sys	0m3.456s
build/envsetup.sh: line 571: notify-send: command not found
Build failed
/android/exodus-6.0/out/target/product/flounder removed
